<?xml version="1.0" encoding="UTF-8"?>
<!-- Generated by org.testng.reporters.JUnitXMLReporter -->
<testsuite ignored="0" hostname="Karishma-VAIO" failures="0" tests="7" name="Default test" time="46.893" errors="0" timestamp="2024-12-29T20:46:51 IST">
  <testcase classname="com.Test.IndexPageTest" name="Test1" time="0.036"/>
  <testcase classname="com.Test.IndexPageTest" name="validateSignup" time="6.895"/>
  <testcase classname="com.Test.IndexPageTest" name="validateLogin" time="6.525"/>
  <testcase classname="com.Test.IndexPageTest" name="testCategoriesAndOptions" time="0.013"/>
  <testcase classname="com.Test.IndexPageTest" name="testAddProductToCart" time="4.489"/>
  <testcase classname="com.Test.IndexPageTest" name="clickOnCart" time="7.271"/>
  <testcase classname="com.Test.IndexPageTest" name="OrderDetails" time="5.45"/>
</testsuite> <!-- Default test -->
